<?xml version="1.0" encoding="UTF-8"?>
<!-- Generated by org.testng.reporters.JUnitReportReporter -->
<testsuite hostname="DESKTOP-BAPOS79" failures="0" tests="2" name="com.mystore.testcases.HomePageTest" time="8.038" errors="0" timestamp="2022-01-02T23:16:40 CET" skipped="0">
  <testcase classname="com.mystore.testcases.HomePageTest" name="wishListTest" time="4.086"/>
  <system-out/>
  <testcase classname="com.mystore.testcases.HomePageTest" name="orderHistoryTest" time="3.952"/>
  <system-out/>
</testsuite> <!-- com.mystore.testcases.HomePageTest -->
