<?xml version="1.0" encoding="UTF-8"?>
<!-- Generated by org.testng.reporters.JUnitReportReporter -->
<testsuite hostname="DESKTOP-BAPOS79" failures="0" tests="1" name="com.mystore.testcases.AddToCardPageTest" time="12.687" errors="0" timestamp="2021-12-30T23:52:03 CET" skipped="0">
  <testcase classname="com.mystore.testcases.AddToCardPageTest" name="addToCartTest" time="12.687"/>
  <system-out/>
</testsuite> <!-- com.mystore.testcases.AddToCardPageTest -->
