<?xml version="1.0" encoding="UTF-8"?>
<!-- Generated by org.testng.reporters.JUnitReportReporter -->
<testsuite hostname="DESKTOP-BAPOS79" failures="0" tests="3" name="com.mystore.testcases.LoginPageTest" time="13.893" errors="0" timestamp="2022-01-02T23:16:40 CET" skipped="0">
  <testcase classname="com.mystore.testcases.LoginPageTest" name="loginTestNotAuthorizedTest" time="4.170"/>
  <system-out/>
  <testcase classname="com.mystore.testcases.LoginPageTest" name="clickOnCreateAccountTest" time="5.159"/>
  <system-out/>
  <testcase classname="com.mystore.testcases.LoginPageTest" name="loginTest" time="4.564"/>
  <system-out/>
</testsuite> <!-- com.mystore.testcases.LoginPageTest -->
