<?xml version="1.0" encoding="UTF-8"?>
<!-- Generated by org.testng.reporters.JUnitReportReporter -->
<testsuite hostname="DESKTOP-BAPOS79" failures="0" tests="2" name="com.mystore.testcases.CartSummaryPageTest" time="19.215" errors="0" timestamp="2021-12-30T17:32:38 CET" skipped="0">
  <testcase classname="com.mystore.testcases.CartSummaryPageTest" name="checkTotalPrice" time="9.720"/>
  <system-out/>
  <testcase classname="com.mystore.testcases.CartSummaryPageTest" name="clickOnCheckOut" time="9.495"/>
  <system-out/>
</testsuite> <!-- com.mystore.testcases.CartSummaryPageTest -->
