<?xml version="1.0" encoding="UTF-8"?>
<!-- Generated by org.testng.reporters.JUnitReportReporter -->
<testsuite hostname="DESKTOP-BAPOS79" failures="0" tests="2" name="com.mystore.testcases.SearchResultPageTest" time="13.719" errors="0" timestamp="2021-12-30T13:54:17 CET" skipped="0">
  <testcase classname="com.mystore.testcases.SearchResultPageTest" name="productAvailabilityWithCategoryTest" time="7.193"/>
  <system-out/>
  <testcase classname="com.mystore.testcases.SearchResultPageTest" name="productAvailabilityTest" time="6.526"/>
  <system-out/>
</testsuite> <!-- com.mystore.testcases.SearchResultPageTest -->
