<?xml version="1.0" encoding="UTF-8"?>
<!-- Generated by org.testng.reporters.JUnitReportReporter -->
<testsuite hostname="DESKTOP-BAPOS79" failures="0" tests="3" name="com.mystore.testcases.LoginPageTest" time="24.960" errors="0" timestamp="2022-01-03T12:49:35 CET" skipped="0">
  <testcase classname="com.mystore.testcases.LoginPageTest" name="loginTest" time="8.563"/>
  <system-out/>
  <testcase classname="com.mystore.testcases.LoginPageTest" name="loginTestNotAuthorizedTest" time="7.989"/>
  <system-out/>
  <testcase classname="com.mystore.testcases.LoginPageTest" name="clickOnCreateAccountTest" time="8.408"/>
  <system-out/>
</testsuite> <!-- com.mystore.testcases.LoginPageTest -->
