<?xml version="1.0" encoding="UTF-8"?>
<!-- Generated by org.testng.reporters.JUnitReportReporter -->
<testsuite hostname="DESKTOP-BAPOS79" failures="0" tests="2" name="com.mystore.testcases.HomePageTest" time="10.412" errors="0" timestamp="2021-12-30T12:17:07 CET" skipped="0">
  <testcase classname="com.mystore.testcases.HomePageTest" name="wishListTest" time="4.663"/>
  <system-out/>
  <testcase classname="com.mystore.testcases.HomePageTest" name="orderHistoryTest" time="5.749"/>
  <system-out/>
</testsuite> <!-- com.mystore.testcases.HomePageTest -->
