<?xml version="1.0" encoding="UTF-8"?>
<!-- Generated by org.testng.reporters.JUnitReportReporter -->
<testsuite hostname="DESKTOP-BAPOS79" failures="0" tests="1" name="com.mystore.testcases.AddToCardPageTest" time="21.025" errors="0" timestamp="2022-01-03T12:49:35 CET" skipped="0">
  <testcase classname="com.mystore.testcases.AddToCardPageTest" name="addToCartTest" time="21.025"/>
  <system-out/>
</testsuite> <!-- com.mystore.testcases.AddToCardPageTest -->
