<?xml version="1.0" encoding="UTF-8"?>
<!-- Generated by org.testng.reporters.JUnitReportReporter -->
<testsuite hostname="DESKTOP-BAPOS79" failures="0" tests="2" name="com.mystore.testcases.IndexPageTest" time="19.682" errors="0" timestamp="2022-01-04T12:13:07 CET" skipped="0">
  <testcase classname="com.mystore.testcases.IndexPageTest" name="verifyLogo" time="4.597"/>
  <system-out/>
  <testcase classname="com.mystore.testcases.IndexPageTest" name="addMultipleProductsToCartTest" time="15.085"/>
  <system-out/>
</testsuite> <!-- com.mystore.testcases.IndexPageTest -->
