<?xml version="1.0" encoding="UTF-8"?>
<!-- Generated by org.testng.reporters.JUnitReportReporter -->
<testsuite hostname="DESKTOP-BAPOS79" failures="0" tests="1" name="com.mystore.testcases.AccountCreationPageTest" time="6.328" errors="0" timestamp="2021-12-30T14:34:22 CET" skipped="0">
  <testcase classname="com.mystore.testcases.AccountCreationPageTest" name="createAccountPageTest" time="6.328"/>
  <system-out/>
</testsuite> <!-- com.mystore.testcases.AccountCreationPageTest -->
