<?xml version="1.0" encoding="UTF-8"?>
<!-- Generated by org.testng.reporters.JUnitReportReporter -->
<testsuite hostname="DESKTOP-BAPOS79" failures="0" tests="2" name="com.mystore.testcases.HomePageTest" time="16.725" errors="0" timestamp="2022-01-04T12:13:07 CET" skipped="0">
  <testcase classname="com.mystore.testcases.HomePageTest" name="wishListTest" time="7.703"/>
  <system-out/>
  <testcase classname="com.mystore.testcases.HomePageTest" name="orderHistoryTest" time="9.022"/>
  <system-out/>
</testsuite> <!-- com.mystore.testcases.HomePageTest -->
