<?xml version="1.0" encoding="UTF-8"?>
<!-- Generated by org.testng.reporters.JUnitReportReporter -->
<testsuite hostname="DESKTOP-BAPOS79" failures="0" tests="2" name="com.mystore.testcases.SearchResultPageTest" time="13.308" errors="0" timestamp="2021-12-30T22:42:58 CET" skipped="0">
  <testcase classname="com.mystore.testcases.SearchResultPageTest" name="productAvailabilityWithCategoryTest" time="7.286"/>
  <system-out/>
  <testcase classname="com.mystore.testcases.SearchResultPageTest" name="productAvailabilityTest" time="6.022"/>
  <system-out/>
</testsuite> <!-- com.mystore.testcases.SearchResultPageTest -->
