<?xml version="1.0" encoding="UTF-8"?>
<!-- Generated by org.testng.reporters.JUnitReportReporter -->
<testsuite hostname="DESKTOP-BAPOS79" failures="0" tests="1" name="com.mystore.testcases.OrderPageTest" time="9.535" errors="0" timestamp="2021-12-30T23:52:03 CET" skipped="0">
  <testcase classname="com.mystore.testcases.OrderPageTest" name="checkTotalPrice" time="9.535"/>
  <system-out/>
</testsuite> <!-- com.mystore.testcases.OrderPageTest -->
