<?xml version="1.0" encoding="UTF-8"?>
<!-- Generated by org.testng.reporters.JUnitReportReporter -->
<testsuite hostname="DESKTOP-BAPOS79" failures="0" tests="3" name="com.mystore.testcases.AccountCreationPageTest" time="47.493" errors="0" timestamp="2022-01-13T15:29:26 CET" skipped="0">
  <testcase classname="com.mystore.testcases.AccountCreationPageTest" name="compareRegistrationAndProfileDetails" time="21.935"/>
  <system-out/>
  <testcase classname="com.mystore.testcases.AccountCreationPageTest" name="displayAccountCreationFormTest" time="4.138"/>
  <system-out/>
  <testcase classname="com.mystore.testcases.AccountCreationPageTest" name="createUserAccountTest" time="21.420"/>
  <system-out/>
</testsuite> <!-- com.mystore.testcases.AccountCreationPageTest -->
