<?xml version="1.0" encoding="UTF-8"?>
<!-- Generated by org.testng.reporters.JUnitReportReporter -->
<testsuite hostname="DESKTOP-BAPOS79" failures="0" tests="2" name="com.mystore.testcases.HomePageTest" time="14.970" errors="0" timestamp="2022-01-03T12:49:35 CET" skipped="0">
  <testcase classname="com.mystore.testcases.HomePageTest" name="orderHistoryTest" time="7.340"/>
  <system-out/>
  <testcase classname="com.mystore.testcases.HomePageTest" name="wishListTest" time="7.630"/>
  <system-out/>
</testsuite> <!-- com.mystore.testcases.HomePageTest -->
