<?xml version="1.0" encoding="UTF-8"?>
<!-- Generated by org.testng.reporters.JUnitReportReporter -->
<testsuite hostname="DESKTOP-BAPOS79" failures="0" tests="1" name="com.mystore.pageobjects.EndToEndTest" time="10.019" errors="0" timestamp="2021-12-30T18:44:00 CET" skipped="0">
  <testcase classname="com.mystore.pageobjects.EndToEndTest" name="entToEndTest" time="10.019"/>
  <system-out/>
</testsuite> <!-- com.mystore.pageobjects.EndToEndTest -->
