<?xml version="1.0" encoding="UTF-8"?>
<!-- Generated by org.testng.reporters.JUnitReportReporter -->
<testsuite hostname="DESKTOP-BAPOS79" failures="0" tests="1" name="com.mystore.testcases.AccountCreationPageTest" time="5.660" errors="0" timestamp="2021-12-30T17:32:38 CET" skipped="0">
  <testcase classname="com.mystore.testcases.AccountCreationPageTest" name="createAccountPageTest" time="5.660"/>
  <system-out/>
</testsuite> <!-- com.mystore.testcases.AccountCreationPageTest -->
