<?xml version="1.0" encoding="UTF-8"?>
<!-- Generated by org.testng.reporters.JUnitReportReporter -->
<testsuite hostname="DESKTOP-BAPOS79" failures="0" tests="2" name="com.mystore.testcases.IndexPageTest" time="6.051" errors="0" timestamp="2021-12-30T14:34:22 CET" skipped="0">
  <testcase classname="com.mystore.testcases.IndexPageTest" name="verifyLogo" time="3.037"/>
  <system-out/>
  <testcase classname="com.mystore.testcases.IndexPageTest" name="verifyTitle" time="3.014"/>
  <system-out/>
</testsuite> <!-- com.mystore.testcases.IndexPageTest -->
