<?xml version="1.0" encoding="UTF-8"?>
<!-- Generated by org.testng.reporters.JUnitReportReporter -->
<testsuite hostname="DESKTOP-BAPOS79" failures="0" tests="2" name="com.mystore.testcases.HomePageTest" time="8.665" errors="0" timestamp="2021-12-30T14:34:22 CET" skipped="0">
  <testcase classname="com.mystore.testcases.HomePageTest" name="orderHistoryTest" time="4.359"/>
  <system-out/>
  <testcase classname="com.mystore.testcases.HomePageTest" name="wishListTest" time="4.306"/>
  <system-out/>
</testsuite> <!-- com.mystore.testcases.HomePageTest -->
