<?xml version="1.0" encoding="UTF-8"?>
<!-- Generated by org.testng.reporters.JUnitReportReporter -->
<testsuite hostname="DESKTOP-BAPOS79" failures="0" tests="2" name="com.mystore.testcases.SearchResultPageTest" time="13.124" errors="0" timestamp="2021-12-30T23:52:03 CET" skipped="0">
  <testcase classname="com.mystore.testcases.SearchResultPageTest" name="productAvailabilityWithCategoryTest" time="7.250"/>
  <system-out/>
  <testcase classname="com.mystore.testcases.SearchResultPageTest" name="productAvailabilityTest" time="5.874"/>
  <system-out/>
</testsuite> <!-- com.mystore.testcases.SearchResultPageTest -->
