<?xml version="1.0" encoding="UTF-8"?>
<!-- Generated by org.testng.reporters.JUnitReportReporter -->
<testsuite hostname="DESKTOP-BAPOS79" failures="0" tests="2" name="com.mystore.testcases.CartSummaryPageTest" time="16.645" errors="0" timestamp="2022-01-13T15:29:26 CET" skipped="0">
  <testcase classname="com.mystore.testcases.CartSummaryPageTest" name="clickOnCheckOut" time="8.235"/>
  <system-out/>
  <testcase classname="com.mystore.testcases.CartSummaryPageTest" name="checkTotalPrice" time="8.410"/>
  <system-out/>
</testsuite> <!-- com.mystore.testcases.CartSummaryPageTest -->
