<?xml version="1.0" encoding="UTF-8"?>
<!-- Generated by org.testng.reporters.JUnitReportReporter -->
<testsuite hostname="DESKTOP-BAPOS79" failures="0" tests="1" name="com.mystore.testcases.CartSummaryPageTest" time="40.471" errors="0" timestamp="2022-01-04T12:10:08 CET" skipped="0">
  <testcase classname="com.mystore.testcases.CartSummaryPageTest" name="checkTotalPrice" time="40.471"/>
  <system-out/>
</testsuite> <!-- com.mystore.testcases.CartSummaryPageTest -->
