<?xml version="1.0" encoding="UTF-8"?>
<!-- Generated by org.testng.reporters.JUnitReportReporter -->
<testsuite hostname="DESKTOP-BAPOS79" failures="0" tests="1" name="com.mystore.testcases.OrderPageTest" time="6.789" errors="0" timestamp="2022-01-13T15:29:26 CET" skipped="0">
  <testcase classname="com.mystore.testcases.OrderPageTest" name="checkTotalPrice" time="6.789"/>
  <system-out/>
</testsuite> <!-- com.mystore.testcases.OrderPageTest -->
