<?xml version="1.0" encoding="UTF-8"?>
<!-- Generated by org.testng.reporters.JUnitReportReporter -->
<testsuite hostname="DESKTOP-BAPOS79" failures="0" tests="1" name="com.mystore.testcases.CartSummaryPageTest" time="9.236" errors="0" timestamp="2021-12-30T17:19:37 CET" skipped="0">
  <testcase classname="com.mystore.testcases.CartSummaryPageTest" name="checkTotalPrice" time="9.236"/>
  <system-out/>
</testsuite> <!-- com.mystore.testcases.CartSummaryPageTest -->
