<?xml version="1.0" encoding="UTF-8"?>
<!-- Generated by org.testng.reporters.JUnitReportReporter -->
<testsuite hostname="DESKTOP-BAPOS79" failures="0" tests="1" name="com.mystore.testcases.OrderPageTest" time="19.525" errors="0" timestamp="2022-01-04T14:56:14 CET" skipped="0">
  <testcase classname="com.mystore.testcases.OrderPageTest" name="checkTotalPrice" time="19.525"/>
  <system-out/>
</testsuite> <!-- com.mystore.testcases.OrderPageTest -->
