<?xml version="1.0" encoding="UTF-8"?>
<!-- Generated by org.testng.reporters.JUnitReportReporter -->
<testsuite hostname="DESKTOP-BAPOS79" failures="0" tests="1" name="com.mystore.testcases.OrderPageTest" time="14.603" errors="0" timestamp="2022-01-02T23:16:40 CET" skipped="0">
  <testcase classname="com.mystore.testcases.OrderPageTest" name="checkTotalPrice" time="14.603"/>
  <system-out/>
</testsuite> <!-- com.mystore.testcases.OrderPageTest -->
