<?xml version="1.0" encoding="UTF-8"?>
<!-- Generated by org.testng.reporters.JUnitReportReporter -->
<testsuite hostname="DESKTOP-BAPOS79" failures="0" tests="2" name="com.mystore.testcases.CartSummaryPageTest" time="36.944" errors="0" timestamp="2022-01-02T23:16:40 CET" skipped="0">
  <testcase classname="com.mystore.testcases.CartSummaryPageTest" name="clickOnCheckOut" time="16.286"/>
  <system-out/>
  <testcase classname="com.mystore.testcases.CartSummaryPageTest" name="checkTotalPrice" time="20.658"/>
  <system-out/>
</testsuite> <!-- com.mystore.testcases.CartSummaryPageTest -->
