<?xml version="1.0" encoding="UTF-8"?>
<!-- Generated by org.testng.reporters.JUnitReportReporter -->
<testsuite hostname="DESKTOP-BAPOS79" failures="0" tests="3" name="com.mystore.testcases.LoginPageTest" time="13.593" errors="0" timestamp="2021-12-30T22:42:58 CET" skipped="0">
  <testcase classname="com.mystore.testcases.LoginPageTest" name="loginTestNotAuthorizedTest" time="3.874"/>
  <system-out/>
  <testcase classname="com.mystore.testcases.LoginPageTest" name="clickOnCreateAccountTest" time="5.299"/>
  <system-out/>
  <testcase classname="com.mystore.testcases.LoginPageTest" name="loginTest" time="4.420"/>
  <system-out/>
</testsuite> <!-- com.mystore.testcases.LoginPageTest -->
