<?xml version="1.0" encoding="UTF-8"?>
<!-- Generated by org.testng.reporters.JUnitReportReporter -->
<testsuite hostname="DESKTOP-BAPOS79" failures="0" tests="2" name="com.mystore.testcases.SearchResultPageTest" time="9.334" errors="0" timestamp="2022-01-13T15:29:26 CET" skipped="0">
  <testcase classname="com.mystore.testcases.SearchResultPageTest" name="productAvailabilityTest" time="3.987"/>
  <system-out/>
  <testcase classname="com.mystore.testcases.SearchResultPageTest" name="productAvailabilityWithCategoryTest" time="5.347"/>
  <system-out/>
</testsuite> <!-- com.mystore.testcases.SearchResultPageTest -->
