<?xml version="1.0" encoding="UTF-8"?>
<!-- Generated by org.testng.reporters.JUnitReportReporter -->
<testsuite hostname="DESKTOP-BAPOS79" failures="0" tests="3" name="com.mystore.testcases.LoginPageTest" time="14.507" errors="0" timestamp="2021-12-30T17:32:38 CET" skipped="0">
  <testcase classname="com.mystore.testcases.LoginPageTest" name="loginTest" time="4.658"/>
  <system-out/>
  <testcase classname="com.mystore.testcases.LoginPageTest" name="clickOnCreateAccountTest" time="5.450"/>
  <system-out/>
  <testcase classname="com.mystore.testcases.LoginPageTest" name="loginTestNotAuthorizedTest" time="4.399"/>
  <system-out/>
</testsuite> <!-- com.mystore.testcases.LoginPageTest -->
